<?xml version="1.0" encoding="UTF-8"?>
<testng-results ignored="0" total="1" passed="1" failed="0" skipped="0">
  <reporter-output>
    <line>
      <![CDATA[Stock-000002379====Stock-000002379]]>
    </line>
  </reporter-output>
  <suite started-at="2024-07-23T21:20:11 IST" name="Surefire suite" finished-at="2024-07-23T21:20:43 IST" duration-ms="31482">
    <groups>
    </groups>
    <test started-at="2024-07-23T21:20:11 IST" name="Surefire test" finished-at="2024-07-23T21:20:43 IST" duration-ms="31482">
      <class name="driverFactory.AppTest">
        <test-method signature="kickstart()[pri:0, instance:driverFactory.AppTest@501edcf1]" started-at="2024-07-23T21:20:12 IST" name="kickstart" finished-at="2024-07-23T21:20:43 IST" duration-ms="31364" status="PASS">
          <reporter-output>
            <line>
              <![CDATA[Stock-000002379====Stock-000002379]]>
            </line>
          </reporter-output>
        </test-method> <!-- kickstart -->
      </class> <!-- driverFactory.AppTest -->
    </test> <!-- Surefire test -->
  </suite> <!-- Surefire suite -->
</testng-results>
