<?xml version="1.0" encoding="UTF-8"?>
<testng-results ignored="0" total="1" passed="1" failed="0" skipped="0">
  <reporter-output>
    <line>
      <![CDATA[Stock-000002540====Stock-000002540]]>
    </line>
  </reporter-output>
  <suite started-at="2024-07-30T11:42:29 IST" name="Default suite" finished-at="2024-07-30T11:43:06 IST" duration-ms="37232">
    <groups>
    </groups>
    <test started-at="2024-07-30T11:42:29 IST" name="Default test" finished-at="2024-07-30T11:43:06 IST" duration-ms="37232">
      <class name="driverFactory.AppTest">
        <test-method signature="kickstart()[pri:0, instance:driverFactory.AppTest@158d2680]" started-at="2024-07-30T11:42:29 IST" name="kickstart" finished-at="2024-07-30T11:43:06 IST" duration-ms="37125" status="PASS">
          <reporter-output>
            <line>
              <![CDATA[Stock-000002540====Stock-000002540]]>
            </line>
          </reporter-output>
        </test-method> <!-- kickstart -->
      </class> <!-- driverFactory.AppTest -->
    </test> <!-- Default test -->
  </suite> <!-- Default suite -->
</testng-results>
